{"numTotalTestSuites":3,"numPassedTestSuites":3,"numFailedTestSuites":0,"numPendingTestSuites":0,"numTotalTests":2,"numPassedTests":2,"numFailedTests":0,"numPendingTests":0,"numTodoTests":0,"startTime":1748695349875,"success":true,"testResults":[{"assertionResults":[{"ancestorTitles":["","BacktestRequest type"],"fullName":" BacktestRequest type should validate BacktestRequest structure","status":"passed","title":"should validate BacktestRequest structure","duration":10,"failureMessages":[]},{"ancestorTitles":["","BacktestResponse type"],"fullName":" BacktestResponse type should validate BacktestResponse structure","status":"passed","title":"should validate BacktestResponse structure","duration":38,"failureMessages":[]}],"startTime":1748695350882,"endTime":1748695350930,"status":"passed","message":"","name":"/home/takeru/react_projects/backtest-app/src/types/__tests__/index.test.ts"}]}